<?xml version="1.0" encoding="UTF-8"?>
<testng-results ignored="0" total="1" passed="1" failed="0" skipped="0">
  <reporter-output>
  </reporter-output>
  <suite started-at="2025-04-07T12:26:31 EDT" name="Default suite" finished-at="2025-04-07T12:26:37 EDT" duration-ms="5781">
    <groups>
    </groups>
    <test started-at="2025-04-07T12:26:31 EDT" name="Default test" finished-at="2025-04-07T12:26:37 EDT" duration-ms="5781">
      <class name="testcases.QueueTest">
        <test-method is-config="true" signature="setupSuite()[pri:0, instance:testcases.QueueTest@78a773fd]" started-at="2025-04-07T12:26:31 EDT" name="setupSuite" finished-at="2025-04-07T12:26:31 EDT" duration-ms="40" status="PASS">
          <reporter-output>
          </reporter-output>
        </test-method> <!-- setupSuite -->
        <test-method is-config="true" signature="setup(java.lang.String)[pri:0, instance:testcases.QueueTest@78a773fd]" started-at="2025-04-07T12:26:31 EDT" name="setup" finished-at="2025-04-07T12:26:34 EDT" duration-ms="2714" status="PASS">
          <params>
            <param index="0">
              <value>
                <![CDATA[]]>
              </value>
            </param>
          </params>
          <reporter-output>
          </reporter-output>
        </test-method> <!-- setup -->
        <test-method is-config="true" signature="loginToQueue()[pri:0, instance:testcases.QueueTest@78a773fd]" started-at="2025-04-07T12:26:34 EDT" name="loginToQueue" finished-at="2025-04-07T12:26:36 EDT" duration-ms="2402" status="PASS">
          <reporter-output>
          </reporter-output>
        </test-method> <!-- loginToQueue -->
        <test-method signature="testQueueLaunchPage()[pri:1, instance:testcases.QueueTest@78a773fd]" started-at="2025-04-07T12:26:36 EDT" name="testQueueLaunchPage" finished-at="2025-04-07T12:26:37 EDT" duration-ms="142" status="PASS">
          <reporter-output>
          </reporter-output>
        </test-method> <!-- testQueueLaunchPage -->
        <test-method is-config="true" signature="tearDownTest(org.testng.ITestResult)[pri:0, instance:testcases.QueueTest@78a773fd]" started-at="2025-04-07T12:26:37 EDT" name="tearDownTest" finished-at="2025-04-07T12:26:37 EDT" duration-ms="252" status="PASS">
          <params>
            <param index="0">
              <value>
                <![CDATA[[TestResult name=testQueueLaunchPage status=SUCCESS method=QueueTest.testQueueLaunchPage()[pri:1, instance:testcases.QueueTest@78a773fd] output={null}]]]>
              </value>
            </param>
          </params>
          <reporter-output>
          </reporter-output>
        </test-method> <!-- tearDownTest -->
      </class> <!-- testcases.QueueTest -->
    </test> <!-- Default test -->
  </suite> <!-- Default suite -->
</testng-results>
